INFO [2021-06-30 13:55:46] $x
INFO [2021-06-30 13:55:46] list_of_sets
INFO [2021-06-30 13:55:46] 
INFO [2021-06-30 13:55:46] $category.names
INFO [2021-06-30 13:55:46] names
INFO [2021-06-30 13:55:46] 
INFO [2021-06-30 13:55:46] $filename
INFO [2021-06-30 13:55:46] paste("figures/", title, ".tiff")
INFO [2021-06-30 13:55:46] 
INFO [2021-06-30 13:55:46] $output
INFO [2021-06-30 13:55:46] output
INFO [2021-06-30 13:55:46] 
INFO [2021-06-30 13:55:46] $lwd
INFO [2021-06-30 13:55:46] [1] 2
INFO [2021-06-30 13:55:46] 
INFO [2021-06-30 13:55:46] $lty
INFO [2021-06-30 13:55:46] [1] "blank"
INFO [2021-06-30 13:55:46] 
INFO [2021-06-30 13:55:46] $fill
INFO [2021-06-30 13:55:46] myCol
INFO [2021-06-30 13:55:46] 
INFO [2021-06-30 13:55:46] $cex
INFO [2021-06-30 13:55:46] [1] 0.6
INFO [2021-06-30 13:55:46] 
INFO [2021-06-30 13:55:46] $fontface
INFO [2021-06-30 13:55:46] [1] "bold"
INFO [2021-06-30 13:55:46] 
INFO [2021-06-30 13:55:46] $fontfamily
INFO [2021-06-30 13:55:46] [1] "sans"
INFO [2021-06-30 13:55:46] 
INFO [2021-06-30 13:55:46] $cat.cex
INFO [2021-06-30 13:55:46] [1] 0.6
INFO [2021-06-30 13:55:46] 
INFO [2021-06-30 13:55:46] $cat.fontface
INFO [2021-06-30 13:55:46] [1] "bold"
INFO [2021-06-30 13:55:46] 
INFO [2021-06-30 13:55:46] $cat.default.pos
INFO [2021-06-30 13:55:46] [1] "outer"
INFO [2021-06-30 13:55:46] 
INFO [2021-06-30 13:55:46] $cat.fontfamily
INFO [2021-06-30 13:55:46] [1] "sans"
INFO [2021-06-30 13:55:46] 
